Release 14.7 - ngc2edif P.20131013 (nt64)
Copyright (c) 1995-2013 Xilinx, Inc.  All rights reserved.
Reading design LookaheadAdder_4bit_M.ngc ...
WARNING:NetListWriters:298 - No output is written to LookaheadAdder_4bit_M.xncf,
   ignored.
Processing design ...
   Preping design's networks ...
   Preping design's macros ...
  finished :Prep
Writing EDIF netlist file LookaheadAdder_4bit_M.edif ...
ngc2edif: Total memory usage is 4314100 kilobytes

Release 14.7 - ngc2edif P.20131013 (nt64)
Copyright (c) 1995-2013 Xilinx, Inc.  All rights reserved.
Reading design LookaheadAdder_4bit_M.ngc ...
WARNING:NetListWriters:298 - No output is written to LookaheadAdder_4bit_M.xncf,
   ignored.
Processing design ...
   Preping design's networks ...
   Preping design's macros ...
  finished :Prep
Writing EDIF netlist file LookaheadAdder_4bit_M.edif ...
ngc2edif: Total memory usage is 4314100 kilobytes

