Release 14.7 - xst P.20131013 (nt64)
Copyright (c) 1995-2013 Xilinx, Inc.  All rights reserved.
--> Parameter TMPDIR set to xst/projnav.tmp


Total REAL time to Xst completion: 0.00 secs
Total CPU time to Xst completion: 0.11 secs
 
--> Parameter xsthdpdir set to xst


Total REAL time to Xst completion: 0.00 secs
Total CPU time to Xst completion: 0.11 secs
 
--> Reading design: MultifunctionalALU_32bit_M.prj

TABLE OF CONTENTS
  1) Synthesis Options Summary
  2) HDL Parsing
  3) HDL Elaboration
  4) HDL Synthesis
       4.1) HDL Synthesis Report
  5) Advanced HDL Synthesis
       5.1) Advanced HDL Synthesis Report
  6) Low Level Synthesis
  7) Partition Report
  8) Design Summary
       8.1) Primitive and Black Box Usage
       8.2) Device utilization summary
       8.3) Partition Resource Summary
       8.4) Timing Report
            8.4.1) Clock Information
            8.4.2) Asynchronous Control Signals Information
            8.4.3) Timing Summary
            8.4.4) Timing Details
            8.4.5) Cross Clock Domains Report


=========================================================================
*                      Synthesis Options Summary                        *
=========================================================================
---- Source Parameters
Input File Name                    : "MultifunctionalALU_32bit_M.prj"
Ignore Synthesis Constraint File   : NO

---- Target Parameters
Output File Name                   : "MultifunctionalALU_32bit_M"
Output Format                      : NGC
Target Device                      : xc7a100t-3-csg324

---- Source Options
Top Module Name                    : MultifunctionalALU_32bit_M
Automatic FSM Extraction           : YES
FSM Encoding Algorithm             : Auto
Safe Implementation                : No
FSM Style                          : LUT
RAM Extraction                     : Yes
RAM Style                          : Auto
ROM Extraction                     : Yes
Shift Register Extraction          : YES
ROM Style                          : Auto
Resource Sharing                   : YES
Asynchronous To Synchronous        : NO
Shift Register Minimum Size        : 2
Use DSP Block                      : Auto
Automatic Register Balancing       : No

---- Target Options
LUT Combining                      : Auto
Reduce Control Sets                : Auto
Add IO Buffers                     : YES
Global Maximum Fanout              : 100000
Add Generic Clock Buffer(BUFG)     : 32
Register Duplication               : YES
Optimize Instantiated Primitives   : NO
Use Clock Enable                   : Auto
Use Synchronous Set                : Auto
Use Synchronous Reset              : Auto
Pack IO Registers into IOBs        : Auto
Equivalent register Removal        : YES

---- General Options
Optimization Goal                  : Speed
Optimization Effort                : 1
Power Reduction                    : NO
Keep Hierarchy                     : No
Netlist Hierarchy                  : As_Optimized
RTL Output                         : Yes
Global Optimization                : AllClockNets
Read Cores                         : YES
Write Timing Constraints           : NO
Cross Clock Analysis               : NO
Hierarchy Separator                : /
Bus Delimiter                      : <>
Case Specifier                     : Maintain
Slice Utilization Ratio            : 100
BRAM Utilization Ratio             : 100
DSP48 Utilization Ratio            : 100
Auto BRAM Packing                  : NO
Slice Utilization Ratio Delta      : 5

=========================================================================


=========================================================================
*                          HDL Parsing                                  *
=========================================================================
Analyzing Verilog file "\\vmware-host\shared folders\WorkSpace\Verilog\Young_03_MultifunctionalALU_32bit\MultifunctionalALU_32bit_M.v" into library work
Parsing module <MultifunctionalALU_32bit_M>.

=========================================================================
*                            HDL Elaboration                            *
=========================================================================

Elaborating module <MultifunctionalALU_32bit_M>.

=========================================================================
*                           HDL Synthesis                               *
=========================================================================

Synthesizing Unit <MultifunctionalALU_32bit_M>.
    Related source file is "\\vmware-host\shared folders\WorkSpace\Verilog\Young_03_MultifunctionalALU_32bit\MultifunctionalALU_32bit_M.v".
    Found 33-bit subtractor for signal <F_SUB> created at line 60.
    Found 33-bit adder for signal <n0044> created at line 59.
    Found 32-bit 7-to-1 multiplexer for signal <F> created at line 26.
    Found 32-bit comparator greater for signal <F_LessCMP> created at line 61
    Summary:
	inferred   2 Adder/Subtractor(s).
	inferred   1 Comparator(s).
	inferred   2 Multiplexer(s).
Unit <MultifunctionalALU_32bit_M> synthesized.

=========================================================================
HDL Synthesis Report

Macro Statistics
# Adders/Subtractors                                   : 2
 33-bit adder                                          : 1
 33-bit subtractor                                     : 1
# Comparators                                          : 1
 32-bit comparator greater                             : 1
# Multiplexers                                         : 2
 1-bit 2-to-1 multiplexer                              : 1
 32-bit 7-to-1 multiplexer                             : 1
# Xors                                                 : 2
 1-bit xor4                                            : 1
 32-bit xor2                                           : 1

=========================================================================

=========================================================================
*                       Advanced HDL Synthesis                          *
=========================================================================


=========================================================================
Advanced HDL Synthesis Report

Macro Statistics
# Adders/Subtractors                                   : 2
 33-bit adder                                          : 1
 33-bit subtractor                                     : 1
# Comparators                                          : 1
 32-bit comparator greater                             : 1
# Multiplexers                                         : 1
 32-bit 7-to-1 multiplexer                             : 1
# Xors                                                 : 2
 1-bit xor4                                            : 1
 32-bit xor2                                           : 1

=========================================================================

=========================================================================
*                         Low Level Synthesis                           *
=========================================================================

Optimizing unit <MultifunctionalALU_32bit_M> ...

Mapping all equations...
Building and optimizing final netlist ...
Found area constraint ratio of 100 (+ 5) on block MultifunctionalALU_32bit_M, actual ratio is 0.

Final Macro Processing ...

=========================================================================
Final Register Report

Found no macro
=========================================================================

=========================================================================
*                           Partition Report                            *
=========================================================================

Partition Implementation Status
-------------------------------

  No Partitions were found in this design.

-------------------------------

=========================================================================
*                            Design Summary                             *
=========================================================================

Top Level Output File Name         : MultifunctionalALU_32bit_M.ngc

Primitive and Black Box Usage:
------------------------------
# BELS                             : 315
#      GND                         : 1
#      LUT2                        : 64
#      LUT3                        : 2
#      LUT4                        : 62
#      LUT5                        : 3
#      LUT6                        : 37
#      MUXCY                       : 79
#      MUXF7                       : 1
#      VCC                         : 1
#      XORCY                       : 65
# IO Buffers                       : 101
#      IBUF                        : 67
#      OBUF                        : 34

Device utilization summary:
---------------------------

Selected Device : 7a100tcsg324-3 


Slice Logic Utilization: 
 Number of Slice LUTs:                  168  out of  63400     0%  
    Number used as Logic:               168  out of  63400     0%  

Slice Logic Distribution: 
 Number of LUT Flip Flop pairs used:    168
   Number with an unused Flip Flop:     168  out of    168   100%  
   Number with an unused LUT:             0  out of    168     0%  
   Number of fully used LUT-FF pairs:     0  out of    168     0%  
   Number of unique control sets:         0

IO Utilization: 
 Number of IOs:                         101
 Number of bonded IOBs:                 101  out of    210    48%  

Specific Feature Utilization:

---------------------------
Partition Resource Summary:
---------------------------

  No Partitions were found in this design.

---------------------------


=========================================================================
Timing Report

NOTE: THESE TIMING NUMBERS ARE ONLY A SYNTHESIS ESTIMATE.
      FOR ACCURATE TIMING INFORMATION PLEASE REFER TO THE TRACE REPORT
      GENERATED AFTER PLACE-and-ROUTE.

Clock Information:
------------------
No clock signals found in this design

Asynchronous Control Signals Information:
----------------------------------------
No asynchronous control signals found in this design

Timing Summary:
---------------
Speed Grade: -3

   Minimum period: No path found
   Minimum input arrival time before clock: No path found
   Maximum output required time after clock: No path found
   Maximum combinational path delay: 4.402ns

Timing Details:
---------------
All values displayed in nanoseconds (ns)

=========================================================================
Timing constraint: Default path analysis
  Total number of paths / destination ports: 7292 / 34
-------------------------------------------------------------------------
Delay:               4.402ns (Levels of Logic = 17)
  Source:            A<0> (PAD)
  Destination:       ZF (PAD)

  Data Path: A<0> to ZF
                                Gate     Net
    Cell:in->out      fanout   Delay   Delay  Logical Name (Net Name)
    ----------------------------------------  ------------
     IBUF:I->O             5   0.001   0.398  A_0_IBUF (A_0_IBUF)
     LUT2:I0->O            1   0.097   0.000  Madd_n0044_lut<0> (Madd_n0044_lut<0>)
     MUXCY:S->O            1   0.353   0.000  Madd_n0044_cy<0> (Madd_n0044_cy<0>)
     MUXCY:CI->O           1   0.023   0.000  Madd_n0044_cy<1> (Madd_n0044_cy<1>)
     MUXCY:CI->O           1   0.023   0.000  Madd_n0044_cy<2> (Madd_n0044_cy<2>)
     MUXCY:CI->O           1   0.023   0.000  Madd_n0044_cy<3> (Madd_n0044_cy<3>)
     MUXCY:CI->O           1   0.023   0.000  Madd_n0044_cy<4> (Madd_n0044_cy<4>)
     MUXCY:CI->O           1   0.023   0.000  Madd_n0044_cy<5> (Madd_n0044_cy<5>)
     MUXCY:CI->O           1   0.023   0.000  Madd_n0044_cy<6> (Madd_n0044_cy<6>)
     MUXCY:CI->O           1   0.023   0.000  Madd_n0044_cy<7> (Madd_n0044_cy<7>)
     XORCY:CI->O           1   0.370   0.511  Madd_n0044_xor<8> (n0044<8>)
     LUT6:I3->O            2   0.097   0.515  Mmux_F312 (F_8_OBUF)
     LUT3:I0->O            1   0.097   0.379  ZF<31>1 (ZF<31>)
     LUT6:I4->O            1   0.097   0.556  ZF<31>2 (ZF<31>1)
     LUT6:I2->O            1   0.097   0.295  ZF<31>8_SW0 (N4)
     LUT6:I5->O            1   0.097   0.279  ZF<31>8 (ZF_OBUF)
     OBUF:I->O                 0.000          ZF_OBUF (ZF)
    ----------------------------------------
    Total                      4.402ns (1.467ns logic, 2.935ns route)
                                       (33.3% logic, 66.7% route)

=========================================================================

Cross Clock Domains Report:
--------------------------

=========================================================================


Total REAL time to Xst completion: 8.00 secs
Total CPU time to Xst completion: 8.49 secs
 
--> 

Total memory usage is 4641048 kilobytes

Number of errors   :    0 (   0 filtered)
Number of warnings :    0 (   0 filtered)
Number of infos    :    0 (   0 filtered)

