Running: D:\APP\Xilinx\14.7\ISE_DS\ISE\bin\nt64\unwrapped\fuse.exe -intstyle ise -incremental -lib unisims_ver -lib unimacro_ver -lib xilinxcorelib_ver -lib secureip -o Z:/WorkSpace/Verilog/Young_08_CPU_R/CPU_R_M_Test_isim_beh.exe -prj Z:/WorkSpace/Verilog/Young_08_CPU_R/CPU_R_M_Test_beh.prj work.CPU_R_M_Test work.glbl 
ISim P.20131013 (signature 0x7708f090)
Number of CPUs detected in this system: 4
Turning on mult-threading, number of parallel sub-compilation jobs: 8 
Determining compilation order of HDL files
Analyzing Verilog file "Z:/WorkSpace/Verilog/Young_08_CPU_R/ipcore_dir/Inst_ROM_64x32bit_C.v" into library work
Analyzing Verilog file "Z:/WorkSpace/Verilog/Young_08_CPU_R/Inst_ROM_64x32bit_M.v" into library work
Analyzing Verilog file "Z:/WorkSpace/Verilog/Young_08_CPU_R/RegisterFile_32x32bit_M.v" into library work
Analyzing Verilog file "Z:/WorkSpace/Verilog/Young_08_CPU_R/MultifunctionalALU_32bit_M.v" into library work
Analyzing Verilog file "Z:/WorkSpace/Verilog/Young_08_CPU_R/Fetch_Inst_M.v" into library work
Analyzing Verilog file "Z:/WorkSpace/Verilog/Young_08_CPU_R/DecodingController_M.v" into library work
Analyzing Verilog file "Z:/WorkSpace/Verilog/Young_08_CPU_R/CPU_R_M.v" into library work
Analyzing Verilog file "Z:/WorkSpace/Verilog/Young_08_CPU_R/CPU_R_M_Test.v" into library work
Analyzing Verilog file "D:/APP/Xilinx/14.7/ISE_DS/ISE//verilog/src/glbl.v" into library work
Starting static elaboration
Completed static elaboration
Compiling module DecodingController_M
Compiling module DIST_MEM_GEN_V7_2(C_FAMILY="arti...
Compiling module Inst_ROM_64x32bit_C
Compiling module Inst_ROM_64x32bit_M
Compiling module Fetch_Inst_M
Compiling module MultifunctionalALU_32bit_M
Compiling module RegisterFile_32x32bit_M
Compiling module CPU_R_M
Compiling module CPU_R_M_Test
Compiling module glbl
Time Resolution for simulation is 1ps.
Waiting for 1 sub-compilation(s) to finish...
Compiled 10 Verilog Units
Built simulation executable Z:/WorkSpace/Verilog/Young_08_CPU_R/CPU_R_M_Test_isim_beh.exe
Fuse Memory Usage: 29984 KB
Fuse CPU Usage: 656 ms
